mode: set
productivity-planner/trend-analysis-worker/daily-aggregates/dailytrend.go:18.49,39.16 7 1
productivity-planner/trend-analysis-worker/daily-aggregates/dailytrend.go:39.16,41.3 1 0
productivity-planner/trend-analysis-worker/daily-aggregates/dailytrend.go:43.2,43.37 1 1
productivity-planner/trend-analysis-worker/daily-aggregates/dailytrend.go:43.37,65.26 3 1
productivity-planner/trend-analysis-worker/daily-aggregates/dailytrend.go:65.26,67.4 1 0
productivity-planner/trend-analysis-worker/daily-aggregates/dailytrend.go:69.3,69.53 1 1
productivity-planner/trend-analysis-worker/daily-aggregates/db.go:17.41,19.15 2 1
productivity-planner/trend-analysis-worker/daily-aggregates/db.go:19.15,21.3 1 1
productivity-planner/trend-analysis-worker/daily-aggregates/db.go:22.2,24.8 1 1
productivity-planner/trend-analysis-worker/daily-aggregates/db.go:27.32,31.16 2 0
productivity-planner/trend-analysis-worker/daily-aggregates/db.go:31.16,33.3 1 0
productivity-planner/trend-analysis-worker/daily-aggregates/db.go:35.2,36.16 2 0
productivity-planner/trend-analysis-worker/daily-aggregates/db.go:36.16,38.3 1 0
productivity-planner/trend-analysis-worker/daily-aggregates/db.go:40.2,40.36 1 0
productivity-planner/trend-analysis-worker/daily-aggregates/db.go:40.36,42.3 1 0
productivity-planner/trend-analysis-worker/daily-aggregates/db.go:44.2,44.11 1 0
productivity-planner/trend-analysis-worker/daily-aggregates/main.go:8.13,12.16 2 0
productivity-planner/trend-analysis-worker/daily-aggregates/main.go:12.16,14.3 1 0
productivity-planner/trend-analysis-worker/daily-aggregates/main.go:16.2,25.25 5 0
productivity-planner/trend-analysis-worker/weekly-aggregates/db.go:12.41,14.15 2 1
productivity-planner/trend-analysis-worker/weekly-aggregates/db.go:14.15,16.3 1 1
productivity-planner/trend-analysis-worker/weekly-aggregates/db.go:17.2,19.8 1 1
productivity-planner/trend-analysis-worker/weekly-aggregates/db.go:22.32,26.16 2 0
productivity-planner/trend-analysis-worker/weekly-aggregates/db.go:26.16,28.3 1 0
productivity-planner/trend-analysis-worker/weekly-aggregates/db.go:30.2,31.16 2 0
productivity-planner/trend-analysis-worker/weekly-aggregates/db.go:31.16,33.3 1 0
productivity-planner/trend-analysis-worker/weekly-aggregates/db.go:35.2,35.36 1 0
productivity-planner/trend-analysis-worker/weekly-aggregates/db.go:35.36,37.3 1 0
productivity-planner/trend-analysis-worker/weekly-aggregates/db.go:39.2,39.11 1 0
productivity-planner/trend-analysis-worker/weekly-aggregates/main.go:15.13,18.16 2 0
productivity-planner/trend-analysis-worker/weekly-aggregates/main.go:18.16,20.3 1 0
productivity-planner/trend-analysis-worker/weekly-aggregates/main.go:21.2,29.25 5 0
productivity-planner/trend-analysis-worker/weekly-aggregates/weeklytrend.go:18.49,40.16 7 1
productivity-planner/trend-analysis-worker/weekly-aggregates/weeklytrend.go:40.16,42.3 1 0
productivity-planner/trend-analysis-worker/weekly-aggregates/weeklytrend.go:44.2,44.36 1 1
productivity-planner/trend-analysis-worker/weekly-aggregates/weeklytrend.go:44.36,66.26 3 1
productivity-planner/trend-analysis-worker/weekly-aggregates/weeklytrend.go:66.26,68.4 1 0
productivity-planner/trend-analysis-worker/weekly-aggregates/weeklytrend.go:70.3,70.53 1 1
