mode: set
productivity-planner/gateway/config/config.go:14.24,20.2 1 1
productivity-planner/gateway/middleware/corsMiddleware.go:9.39,10.30 1 1
productivity-planner/gateway/middleware/corsMiddleware.go:10.30,16.36 5 1
productivity-planner/gateway/middleware/corsMiddleware.go:16.36,19.4 2 0
productivity-planner/gateway/middleware/corsMiddleware.go:20.3,20.11 1 1
productivity-planner/gateway/middleware/jwt.go:11.38,12.30 1 1
productivity-planner/gateway/middleware/jwt.go:12.30,15.42 2 1
productivity-planner/gateway/middleware/jwt.go:15.42,18.4 2 1
productivity-planner/gateway/middleware/jwt.go:20.3,29.17 4 1
productivity-planner/gateway/middleware/jwt.go:29.17,32.4 2 1
productivity-planner/gateway/middleware/jwt.go:34.3,35.11 2 1
productivity-planner/gateway/middleware/jwtUtils.go:14.56,15.85 1 1
productivity-planner/gateway/middleware/jwtUtils.go:15.85,17.58 1 1
productivity-planner/gateway/middleware/jwtUtils.go:17.58,19.4 1 0
productivity-planner/gateway/middleware/jwtUtils.go:20.3,20.31 1 1
productivity-planner/gateway/middleware/jwtUtils.go:23.2,23.32 1 1
productivity-planner/gateway/middleware/jwtUtils.go:23.32,25.3 1 1
productivity-planner/gateway/middleware/jwtUtils.go:27.2,29.30 2 1
productivity-planner/gateway/proxy/proxy.go:14.41,20.2 3 1
productivity-planner/gateway/proxy/proxy.go:22.44,27.39 3 1
productivity-planner/gateway/proxy/proxy.go:27.39,29.3 1 1
productivity-planner/gateway/proxy/proxy.go:31.2,31.50 1 1
productivity-planner/gateway/proxy/proxy.go:34.44,40.39 4 1
productivity-planner/gateway/proxy/proxy.go:40.39,42.3 1 1
productivity-planner/gateway/proxy/proxy.go:44.2,44.17 1 1
productivity-planner/gateway/proxy/proxy.go:47.42,53.39 4 1
productivity-planner/gateway/proxy/proxy.go:53.39,55.3 1 1
productivity-planner/gateway/proxy/proxy.go:57.2,57.17 1 1
productivity-planner/gateway/proxy/proxy.go:60.48,62.27 2 1
productivity-planner/gateway/proxy/proxy.go:62.27,65.3 2 1
productivity-planner/gateway/proxy/proxy.go:65.8,67.3 1 1
productivity-planner/gateway/proxy/proxy.go:69.2,71.16 2 1
productivity-planner/gateway/proxy/proxy.go:71.16,73.3 1 0
productivity-planner/gateway/proxy/proxy.go:75.2,80.16 4 1
productivity-planner/gateway/proxy/proxy.go:80.16,83.3 2 0
productivity-planner/gateway/proxy/proxy.go:85.2,87.32 2 1
productivity-planner/gateway/proxy/proxy.go:87.32,88.24 1 1
productivity-planner/gateway/proxy/proxy.go:88.24,90.4 1 1
productivity-planner/gateway/proxy/proxy.go:92.2,92.104 1 1
productivity-planner/gateway/cmd/main.go:16.14,22.2 0 1
productivity-planner/gateway/cmd/main.go:24.13,41.12 7 0
productivity-planner/gateway/cmd/main.go:41.12,43.75 2 0
productivity-planner/gateway/cmd/main.go:43.75,45.4 1 0
productivity-planner/gateway/cmd/main.go:48.2,58.40 7 0
productivity-planner/gateway/cmd/main.go:58.40,60.3 1 0
productivity-planner/gateway/cmd/main.go:61.2,63.31 3 0
productivity-planner/gateway/cmd/routes.go:13.36,17.26 2 1
productivity-planner/gateway/cmd/routes.go:17.26,19.3 1 0
productivity-planner/gateway/cmd/routes.go:21.2,31.2 3 1
productivity-planner/gateway/cmd/routes.go:31.2,35.3 3 1
productivity-planner/gateway/cmd/routes.go:37.2,42.3 4 1
productivity-planner/gateway/cmd/routes.go:44.2,49.3 4 1
productivity-planner/gateway/cmd/routes.go:51.2,56.3 4 1
