mode: set
productivity-planner/task-service/cmd/db.go:11.42,15.16 2 0
productivity-planner/task-service/cmd/db.go:15.16,17.3 1 0
productivity-planner/task-service/cmd/db.go:19.2,20.19 2 0
productivity-planner/task-service/cmd/errorhandler.go:10.61,15.2 1 1
productivity-planner/task-service/cmd/handler.go:16.48,23.18 3 1
productivity-planner/task-service/cmd/handler.go:23.18,26.3 2 1
productivity-planner/task-service/cmd/handler.go:28.2,28.58 1 1
productivity-planner/task-service/cmd/handler.go:28.58,31.3 2 1
productivity-planner/task-service/cmd/handler.go:33.2,33.43 1 1
productivity-planner/task-service/cmd/handler.go:33.43,36.3 2 1
productivity-planner/task-service/cmd/handler.go:39.2,41.16 2 1
productivity-planner/task-service/cmd/handler.go:41.16,44.3 2 0
productivity-planner/task-service/cmd/handler.go:46.2,46.40 1 1
productivity-planner/task-service/cmd/handler.go:49.47,55.18 3 1
productivity-planner/task-service/cmd/handler.go:55.18,58.3 2 1
productivity-planner/task-service/cmd/handler.go:60.2,60.58 1 1
productivity-planner/task-service/cmd/handler.go:60.58,63.3 2 0
productivity-planner/task-service/cmd/handler.go:65.2,65.43 1 1
productivity-planner/task-service/cmd/handler.go:65.43,68.3 2 1
productivity-planner/task-service/cmd/handler.go:71.2,73.16 2 1
productivity-planner/task-service/cmd/handler.go:73.16,76.3 2 0
productivity-planner/task-service/cmd/handler.go:78.2,78.40 1 1
productivity-planner/task-service/cmd/main.go:17.14,22.2 0 1
productivity-planner/task-service/cmd/main.go:24.13,49.12 8 0
productivity-planner/task-service/cmd/main.go:49.12,51.75 2 0
productivity-planner/task-service/cmd/main.go:51.75,53.4 1 0
productivity-planner/task-service/cmd/main.go:56.2,66.40 7 0
productivity-planner/task-service/cmd/main.go:66.40,68.3 1 0
productivity-planner/task-service/cmd/main.go:69.2,69.31 1 0
productivity-planner/task-service/cmd/routes.go:5.51,9.2 2 1
productivity-planner/task-service/config/config.go:18.24,25.2 1 1
productivity-planner/task-service/session/MockSessionService.go:12.111,21.2 1 0
productivity-planner/task-service/session/MockSessionService.go:23.110,34.2 1 0
productivity-planner/task-service/session/SessionService.go:15.107,19.16 2 1
productivity-planner/task-service/session/SessionService.go:19.16,21.3 1 1
productivity-planner/task-service/session/SessionService.go:23.2,33.16 3 1
productivity-planner/task-service/session/SessionService.go:33.16,35.3 1 1
productivity-planner/task-service/session/SessionService.go:37.2,46.29 2 1
productivity-planner/task-service/session/SessionService.go:49.106,53.16 2 1
productivity-planner/task-service/session/SessionService.go:53.16,55.3 1 1
productivity-planner/task-service/session/SessionService.go:57.2,68.16 5 1
productivity-planner/task-service/session/SessionService.go:68.16,70.3 1 1
productivity-planner/task-service/session/SessionService.go:72.2,82.29 2 1
productivity-planner/task-service/session/dto.go:34.37,35.11 1 0
productivity-planner/task-service/session/dto.go:36.29,37.14 1 0
productivity-planner/task-service/session/dto.go:38.10,39.15 1 0
productivity-planner/task-service/models/SessionDao.go:16.83,26.16 5 1
productivity-planner/task-service/models/SessionDao.go:26.16,28.3 1 1
productivity-planner/task-service/models/SessionDao.go:30.2,30.44 1 1
productivity-planner/task-service/models/SessionDao.go:30.44,33.17 2 1
productivity-planner/task-service/models/SessionDao.go:33.17,35.4 1 0
productivity-planner/task-service/models/SessionDao.go:37.3,37.25 1 1
productivity-planner/task-service/models/SessionDao.go:40.2,40.70 1 0
productivity-planner/task-service/models/SessionDao.go:43.81,51.44 5 1
productivity-planner/task-service/models/SessionDao.go:51.44,53.3 1 1
productivity-planner/task-service/models/SessionDao.go:55.2,55.16 1 1
productivity-planner/task-service/models/SessionDao.go:55.16,57.3 1 0
productivity-planner/task-service/models/SessionDao.go:59.2,63.25 3 1
productivity-planner/task-service/models/SessionDao.go:63.25,65.3 1 1
productivity-planner/task-service/models/SessionDao.go:66.2,66.30 1 1
productivity-planner/task-service/models/SessionDao.go:66.30,68.3 1 0
productivity-planner/task-service/models/SessionDao.go:70.2,70.22 1 1
productivity-planner/task-service/models/SessionDao_testdb.go:12.75,14.97 1 0
productivity-planner/task-service/models/SessionDao_testdb.go:14.97,16.3 1 0
productivity-planner/task-service/models/SessionDao_testdb.go:19.2,20.24 2 0
productivity-planner/task-service/models/SessionDao_testdb.go:23.73,26.36 2 0
productivity-planner/task-service/models/SessionDao_testdb.go:26.36,28.3 1 0
productivity-planner/task-service/models/SessionDao_testdb.go:31.2,32.22 2 0
