mode: set
productivity-planner/trend-service/trend/dto.go:30.45,32.36 2 0
productivity-planner/trend-service/trend/dto.go:32.36,34.3 1 0
productivity-planner/trend-service/trend/dto.go:35.2,35.102 1 0
productivity-planner/trend-service/trend/dto.go:38.37,40.2 1 0
productivity-planner/trend-service/trend/dto.go:42.46,44.38 2 0
productivity-planner/trend-service/trend/dto.go:44.38,46.3 1 0
productivity-planner/trend-service/trend/dto.go:47.2,47.104 1 0
productivity-planner/trend-service/trend/dto.go:50.38,52.2 1 0
productivity-planner/trend-service/trend/modelmapper.go:10.100,14.30 2 0
productivity-planner/trend-service/trend/modelmapper.go:14.30,19.3 1 0
productivity-planner/trend-service/trend/modelmapper.go:21.2,23.39 2 0
productivity-planner/trend-service/trend/modelmapper.go:23.39,33.3 1 0
productivity-planner/trend-service/trend/modelmapper.go:35.2,35.46 1 0
productivity-planner/trend-service/trend/modelmapper.go:35.46,37.3 1 0
productivity-planner/trend-service/trend/modelmapper.go:39.2,43.27 2 0
productivity-planner/trend-service/trend/modelmapper.go:46.109,50.31 2 0
productivity-planner/trend-service/trend/modelmapper.go:50.31,55.3 1 0
productivity-planner/trend-service/trend/modelmapper.go:57.2,58.40 2 0
productivity-planner/trend-service/trend/modelmapper.go:58.40,68.3 1 0
productivity-planner/trend-service/trend/modelmapper.go:70.2,70.47 1 0
productivity-planner/trend-service/trend/modelmapper.go:70.47,72.3 1 0
productivity-planner/trend-service/trend/modelmapper.go:74.2,78.29 2 0
productivity-planner/trend-service/trend/trendservice.go:14.60,18.2 1 0
productivity-planner/trend-service/trend/trendservice.go:20.97,26.16 3 0
productivity-planner/trend-service/trend/trendservice.go:26.16,28.3 1 0
productivity-planner/trend-service/trend/trendservice.go:29.2,38.16 4 0
productivity-planner/trend-service/trend/trendservice.go:38.16,40.3 1 0
productivity-planner/trend-service/trend/trendservice.go:42.2,44.32 2 0
productivity-planner/trend-service/trend/trendservice.go:47.100,53.16 3 0
productivity-planner/trend-service/trend/trendservice.go:53.16,55.3 1 0
productivity-planner/trend-service/trend/trendservice.go:57.2,66.16 4 0
productivity-planner/trend-service/trend/trendservice.go:66.16,68.3 1 0
productivity-planner/trend-service/trend/trendservice.go:70.2,72.33 2 0
productivity-planner/trend-service/config/config.go:18.24,25.2 1 1
productivity-planner/trend-service/cmd/db.go:11.42,15.16 2 0
productivity-planner/trend-service/cmd/db.go:15.16,17.3 1 0
productivity-planner/trend-service/cmd/db.go:19.2,21.19 2 0
productivity-planner/trend-service/cmd/errorhandler.go:10.61,15.2 1 1
productivity-planner/trend-service/cmd/handler.go:18.49,22.18 3 1
productivity-planner/trend-service/cmd/handler.go:22.18,25.3 2 1
productivity-planner/trend-service/cmd/handler.go:27.2,31.16 4 1
productivity-planner/trend-service/cmd/handler.go:31.16,34.3 2 0
productivity-planner/trend-service/cmd/handler.go:36.2,36.43 1 1
productivity-planner/trend-service/cmd/handler.go:40.50,43.18 3 1
productivity-planner/trend-service/cmd/handler.go:43.18,46.3 2 1
productivity-planner/trend-service/cmd/handler.go:48.2,52.16 3 1
productivity-planner/trend-service/cmd/handler.go:52.16,55.3 2 0
productivity-planner/trend-service/cmd/handler.go:57.2,57.43 1 1
productivity-planner/trend-service/cmd/main.go:17.13,39.12 8 0
productivity-planner/trend-service/cmd/main.go:39.12,41.80 2 0
productivity-planner/trend-service/cmd/main.go:41.80,43.4 1 0
productivity-planner/trend-service/cmd/main.go:46.2,54.45 6 0
productivity-planner/trend-service/cmd/main.go:54.45,56.3 1 0
productivity-planner/trend-service/cmd/main.go:57.2,57.31 1 0
productivity-planner/trend-service/cmd/routes.go:5.51,9.2 2 1
productivity-planner/trend-service/trend/dto.go:30.45,32.36 2 0
productivity-planner/trend-service/trend/dto.go:32.36,34.3 1 0
productivity-planner/trend-service/trend/dto.go:35.2,35.102 1 0
productivity-planner/trend-service/trend/dto.go:38.37,40.2 1 0
productivity-planner/trend-service/trend/dto.go:42.46,44.38 2 0
productivity-planner/trend-service/trend/dto.go:44.38,46.3 1 0
productivity-planner/trend-service/trend/dto.go:47.2,47.104 1 0
productivity-planner/trend-service/trend/dto.go:50.38,52.2 1 0
productivity-planner/trend-service/trend/modelmapper.go:10.100,14.30 2 1
productivity-planner/trend-service/trend/modelmapper.go:14.30,19.3 1 0
productivity-planner/trend-service/trend/modelmapper.go:21.2,23.39 2 1
productivity-planner/trend-service/trend/modelmapper.go:23.39,33.3 1 1
productivity-planner/trend-service/trend/modelmapper.go:35.2,35.46 1 1
productivity-planner/trend-service/trend/modelmapper.go:35.46,37.3 1 0
productivity-planner/trend-service/trend/modelmapper.go:39.2,43.27 2 1
productivity-planner/trend-service/trend/modelmapper.go:46.109,50.31 2 1
productivity-planner/trend-service/trend/modelmapper.go:50.31,55.3 1 0
productivity-planner/trend-service/trend/modelmapper.go:57.2,58.40 2 1
productivity-planner/trend-service/trend/modelmapper.go:58.40,68.3 1 1
productivity-planner/trend-service/trend/modelmapper.go:70.2,70.47 1 1
productivity-planner/trend-service/trend/modelmapper.go:70.47,72.3 1 0
productivity-planner/trend-service/trend/modelmapper.go:74.2,78.29 2 1
productivity-planner/trend-service/trend/trendservice.go:14.60,18.2 1 1
productivity-planner/trend-service/trend/trendservice.go:20.97,26.16 3 1
productivity-planner/trend-service/trend/trendservice.go:26.16,28.3 1 0
productivity-planner/trend-service/trend/trendservice.go:29.2,38.16 4 1
productivity-planner/trend-service/trend/trendservice.go:38.16,40.3 1 0
productivity-planner/trend-service/trend/trendservice.go:42.2,44.32 2 1
productivity-planner/trend-service/trend/trendservice.go:47.100,53.16 3 1
productivity-planner/trend-service/trend/trendservice.go:53.16,55.3 1 0
productivity-planner/trend-service/trend/trendservice.go:57.2,66.16 4 1
productivity-planner/trend-service/trend/trendservice.go:66.16,68.3 1 0
productivity-planner/trend-service/trend/trendservice.go:70.2,72.33 2 1
productivity-planner/trend-service/utils/validations.go:10.42,11.45 1 1
productivity-planner/trend-service/utils/validations.go:11.45,13.3 1 1
productivity-planner/trend-service/utils/validations.go:13.8,13.45 1 1
productivity-planner/trend-service/utils/validations.go:13.45,15.3 1 1
productivity-planner/trend-service/utils/validations.go:15.8,17.3 1 1
productivity-planner/trend-service/utils/validations.go:20.43,21.46 1 1
productivity-planner/trend-service/utils/validations.go:21.46,23.3 1 1
productivity-planner/trend-service/utils/validations.go:23.8,23.49 1 1
productivity-planner/trend-service/utils/validations.go:23.49,25.3 1 1
productivity-planner/trend-service/utils/validations.go:25.8,27.3 1 1
productivity-planner/trend-service/utils/validations.go:30.42,36.2 3 1
productivity-planner/trend-service/model/trend.go:42.41,47.2 1 0
productivity-planner/trend-service/model/trend.go:49.40,54.2 1 0
productivity-planner/trend-service/model/trend.go:56.42,61.2 1 0
productivity-planner/trend-service/model/trend.go:63.41,68.2 1 0
productivity-planner/trend-service/model/trendsDao.go:15.102,26.30 5 1
productivity-planner/trend-service/model/trendsDao.go:26.30,28.3 1 0
productivity-planner/trend-service/model/trendsDao.go:30.2,30.16 1 1
productivity-planner/trend-service/model/trendsDao.go:30.16,32.3 1 0
productivity-planner/trend-service/model/trendsDao.go:33.2,33.28 1 1
productivity-planner/trend-service/model/trendsDao.go:36.106,47.31 5 1
productivity-planner/trend-service/model/trendsDao.go:47.31,49.3 1 0
productivity-planner/trend-service/model/trendsDao.go:51.2,51.16 1 1
productivity-planner/trend-service/model/trendsDao.go:51.16,53.3 1 0
productivity-planner/trend-service/model/trendsDao.go:54.2,54.29 1 1
productivity-planner/trend-service/model/trendsDao_testdb.go:10.94,17.2 1 0
productivity-planner/trend-service/model/trendsDao_testdb.go:19.98,26.2 1 0
