mode: set
productivity-planner/user-service/user/user_service.go:16.58,20.2 1 0
productivity-planner/user-service/user/user_service.go:22.71,25.16 2 0
productivity-planner/user-service/user/user_service.go:25.16,27.3 1 0
productivity-planner/user-service/user/user_service.go:29.2,38.16 3 0
productivity-planner/user-service/user/user_service.go:38.16,40.3 1 0
productivity-planner/user-service/user/user_service.go:42.2,42.22 1 0
productivity-planner/user-service/user/user_service.go:45.74,53.16 3 0
productivity-planner/user-service/user/user_service.go:53.16,55.3 1 0
productivity-planner/user-service/user/user_service.go:57.2,59.16 2 0
productivity-planner/user-service/user/user_service.go:59.16,61.3 1 0
productivity-planner/user-service/user/user_service.go:63.2,63.24 1 0
productivity-planner/user-service/utils/jwtUtils.go:15.68,23.16 3 0
productivity-planner/user-service/utils/jwtUtils.go:23.16,25.3 1 0
productivity-planner/user-service/utils/jwtUtils.go:27.2,27.19 1 0
productivity-planner/user-service/utils/jwtUtils.go:30.59,31.83 1 0
productivity-planner/user-service/utils/jwtUtils.go:31.83,33.3 1 0
productivity-planner/user-service/utils/jwtUtils.go:35.2,35.16 1 0
productivity-planner/user-service/utils/jwtUtils.go:35.16,37.3 1 0
productivity-planner/user-service/utils/jwtUtils.go:39.2,39.18 1 0
productivity-planner/user-service/utils/jwtUtils.go:39.18,41.3 1 0
productivity-planner/user-service/utils/jwtUtils.go:43.2,43.12 1 0
productivity-planner/user-service/utils/utils.go:5.52,8.2 2 0
productivity-planner/user-service/utils/utils.go:10.58,12.2 1 0
productivity-planner/user-service/cmd/db.go:11.42,15.16 2 0
productivity-planner/user-service/cmd/db.go:15.16,17.3 1 0
productivity-planner/user-service/cmd/db.go:19.2,21.19 2 0
productivity-planner/user-service/cmd/errorhandler.go:10.61,15.2 1 1
productivity-planner/user-service/cmd/handler.go:16.67,21.2 1 0
productivity-planner/user-service/cmd/handler.go:23.42,26.47 2 0
productivity-planner/user-service/cmd/handler.go:26.47,29.3 2 0
productivity-planner/user-service/cmd/handler.go:31.2,33.16 2 0
productivity-planner/user-service/cmd/handler.go:33.16,35.3 1 0
productivity-planner/user-service/cmd/handler.go:37.2,43.4 1 0
productivity-planner/user-service/cmd/handler.go:46.41,49.47 2 0
productivity-planner/user-service/cmd/handler.go:49.47,52.3 2 0
productivity-planner/user-service/cmd/handler.go:54.2,56.16 2 0
productivity-planner/user-service/cmd/handler.go:56.16,58.3 1 0
productivity-planner/user-service/cmd/handler.go:60.2,62.16 2 0
productivity-planner/user-service/cmd/handler.go:62.16,64.3 1 0
productivity-planner/user-service/cmd/handler.go:66.2,66.46 1 0
productivity-planner/user-service/cmd/main.go:17.14,22.2 0 1
productivity-planner/user-service/cmd/main.go:24.13,46.12 8 0
productivity-planner/user-service/cmd/main.go:46.12,48.75 2 0
productivity-planner/user-service/cmd/main.go:48.75,50.4 1 0
productivity-planner/user-service/cmd/main.go:53.2,63.40 7 0
productivity-planner/user-service/cmd/main.go:63.40,65.3 1 0
productivity-planner/user-service/cmd/main.go:66.2,66.31 1 0
productivity-planner/user-service/cmd/routes.go:7.51,11.2 2 1
productivity-planner/user-service/user/user_service.go:16.58,20.2 1 0
productivity-planner/user-service/user/user_service.go:22.71,25.16 2 0
productivity-planner/user-service/user/user_service.go:25.16,27.3 1 0
productivity-planner/user-service/user/user_service.go:29.2,38.16 3 0
productivity-planner/user-service/user/user_service.go:38.16,40.3 1 0
productivity-planner/user-service/user/user_service.go:42.2,42.22 1 0
productivity-planner/user-service/user/user_service.go:45.74,53.16 3 0
productivity-planner/user-service/user/user_service.go:53.16,55.3 1 0
productivity-planner/user-service/user/user_service.go:57.2,59.16 2 0
productivity-planner/user-service/user/user_service.go:59.16,61.3 1 0
productivity-planner/user-service/user/user_service.go:63.2,63.24 1 0
productivity-planner/user-service/utils/jwtUtils.go:15.68,23.16 3 0
productivity-planner/user-service/utils/jwtUtils.go:23.16,25.3 1 0
productivity-planner/user-service/utils/jwtUtils.go:27.2,27.19 1 0
productivity-planner/user-service/utils/jwtUtils.go:30.59,31.83 1 0
productivity-planner/user-service/utils/jwtUtils.go:31.83,33.3 1 0
productivity-planner/user-service/utils/jwtUtils.go:35.2,35.16 1 0
productivity-planner/user-service/utils/jwtUtils.go:35.16,37.3 1 0
productivity-planner/user-service/utils/jwtUtils.go:39.2,39.18 1 0
productivity-planner/user-service/utils/jwtUtils.go:39.18,41.3 1 0
productivity-planner/user-service/utils/jwtUtils.go:43.2,43.12 1 0
productivity-planner/user-service/utils/utils.go:5.52,8.2 2 0
productivity-planner/user-service/utils/utils.go:10.58,12.2 1 0
productivity-planner/user-service/config/config.go:19.24,27.2 1 1
productivity-planner/user-service/models/User.go:16.31,20.2 1 0
productivity-planner/user-service/models/UserDao.go:16.68,23.25 4 1
productivity-planner/user-service/models/UserDao.go:23.25,25.3 1 0
productivity-planner/user-service/models/UserDao.go:27.2,27.18 1 1
productivity-planner/user-service/models/UserDao.go:30.68,37.53 5 1
productivity-planner/user-service/models/UserDao.go:37.53,39.3 1 1
productivity-planner/user-service/models/UserDao.go:41.2,41.25 1 1
productivity-planner/user-service/models/UserDao.go:41.25,43.3 1 0
productivity-planner/user-service/models/UserDao.go:45.2,45.19 1 1
