mode: set
productivity-planner/user-service/cmd/db.go:11.42,15.16 2 0
productivity-planner/user-service/cmd/db.go:15.16,17.3 1 0
productivity-planner/user-service/cmd/db.go:19.2,21.19 2 0
productivity-planner/user-service/cmd/errorhandler.go:10.61,15.2 1 1
productivity-planner/user-service/cmd/handler.go:16.42,19.47 2 1
productivity-planner/user-service/cmd/handler.go:19.47,22.3 2 1
productivity-planner/user-service/cmd/handler.go:24.2,26.16 2 1
productivity-planner/user-service/cmd/handler.go:26.16,29.3 2 0
productivity-planner/user-service/cmd/handler.go:31.2,37.4 1 1
productivity-planner/user-service/cmd/handler.go:40.41,43.47 2 1
productivity-planner/user-service/cmd/handler.go:43.47,46.3 2 1
productivity-planner/user-service/cmd/handler.go:48.2,50.16 2 1
productivity-planner/user-service/cmd/handler.go:50.16,53.3 2 1
productivity-planner/user-service/cmd/handler.go:55.2,57.16 2 1
productivity-planner/user-service/cmd/handler.go:57.16,60.3 2 0
productivity-planner/user-service/cmd/handler.go:62.2,62.46 1 1
productivity-planner/user-service/cmd/main.go:18.14,23.2 0 1
productivity-planner/user-service/cmd/main.go:25.13,53.12 8 0
productivity-planner/user-service/cmd/main.go:53.12,55.75 2 0
productivity-planner/user-service/cmd/main.go:55.75,57.4 1 0
productivity-planner/user-service/cmd/main.go:60.2,70.40 7 0
productivity-planner/user-service/cmd/main.go:70.40,72.3 1 0
productivity-planner/user-service/cmd/main.go:73.2,73.31 1 0
productivity-planner/user-service/cmd/routes.go:7.51,11.2 2 1
productivity-planner/user-service/config/config.go:19.24,27.2 1 1
productivity-planner/user-service/user/mock_service.go:12.71,18.2 1 0
productivity-planner/user-service/user/mock_service.go:20.73,21.63 1 0
productivity-planner/user-service/user/mock_service.go:21.63,27.3 1 0
productivity-planner/user-service/user/mock_service.go:28.2,28.47 1 0
productivity-planner/user-service/user/user_service.go:15.71,17.16 2 1
productivity-planner/user-service/user/user_service.go:17.16,19.3 1 0
productivity-planner/user-service/user/user_service.go:21.2,30.16 3 1
productivity-planner/user-service/user/user_service.go:30.16,32.3 1 0
productivity-planner/user-service/user/user_service.go:34.2,34.22 1 1
productivity-planner/user-service/user/user_service.go:37.74,45.16 3 1
productivity-planner/user-service/user/user_service.go:45.16,47.3 1 0
productivity-planner/user-service/user/user_service.go:49.2,51.16 2 1
productivity-planner/user-service/user/user_service.go:51.16,53.3 1 1
productivity-planner/user-service/user/user_service.go:55.2,55.24 1 1
productivity-planner/user-service/models/User.go:16.31,20.2 1 0
productivity-planner/user-service/models/UserDao.go:16.68,23.25 4 1
productivity-planner/user-service/models/UserDao.go:23.25,25.3 1 0
productivity-planner/user-service/models/UserDao.go:27.2,27.18 1 1
productivity-planner/user-service/models/UserDao.go:30.68,37.53 5 1
productivity-planner/user-service/models/UserDao.go:37.53,39.3 1 1
productivity-planner/user-service/models/UserDao.go:41.2,41.25 1 1
productivity-planner/user-service/models/UserDao.go:41.25,43.3 1 0
productivity-planner/user-service/models/UserDao.go:45.2,45.19 1 1
productivity-planner/user-service/models/userDao_testdb.go:12.60,20.2 1 0
productivity-planner/user-service/models/userDao_testdb.go:22.57,29.2 1 0
productivity-planner/user-service/utils/jwtUtils.go:15.68,23.16 3 1
productivity-planner/user-service/utils/jwtUtils.go:23.16,25.3 1 0
productivity-planner/user-service/utils/jwtUtils.go:27.2,27.19 1 1
productivity-planner/user-service/utils/jwtUtils.go:30.59,31.83 1 1
productivity-planner/user-service/utils/jwtUtils.go:31.83,33.3 1 1
productivity-planner/user-service/utils/jwtUtils.go:35.2,35.16 1 1
productivity-planner/user-service/utils/jwtUtils.go:35.16,37.3 1 1
productivity-planner/user-service/utils/jwtUtils.go:39.2,39.18 1 1
productivity-planner/user-service/utils/jwtUtils.go:39.18,41.3 1 0
productivity-planner/user-service/utils/jwtUtils.go:43.2,43.12 1 1
productivity-planner/user-service/utils/utils.go:5.52,8.2 2 1
productivity-planner/user-service/utils/utils.go:10.58,12.2 1 1
