mode: set
productivity-planner/summary-service/cmd/db.go:11.42,15.16 2 0
productivity-planner/summary-service/cmd/db.go:15.16,17.3 1 0
productivity-planner/summary-service/cmd/db.go:19.2,21.19 2 0
productivity-planner/summary-service/cmd/errorhandler.go:10.61,15.2 1 1
productivity-planner/summary-service/cmd/handler.go:17.51,20.18 2 1
productivity-planner/summary-service/cmd/handler.go:20.18,23.3 2 1
productivity-planner/summary-service/cmd/handler.go:25.2,29.72 4 1
productivity-planner/summary-service/cmd/handler.go:29.72,32.3 2 1
productivity-planner/summary-service/cmd/handler.go:33.2,34.88 2 1
productivity-planner/summary-service/cmd/handler.go:34.88,37.3 2 1
productivity-planner/summary-service/cmd/handler.go:39.2,39.16 1 1
productivity-planner/summary-service/cmd/handler.go:39.16,42.3 2 0
productivity-planner/summary-service/cmd/handler.go:44.2,44.40 1 1
productivity-planner/summary-service/cmd/handler.go:48.52,51.18 2 1
productivity-planner/summary-service/cmd/handler.go:51.18,54.3 2 1
productivity-planner/summary-service/cmd/handler.go:56.2,60.72 3 1
productivity-planner/summary-service/cmd/handler.go:60.72,63.3 2 1
productivity-planner/summary-service/cmd/handler.go:65.2,65.70 1 1
productivity-planner/summary-service/cmd/handler.go:65.70,68.3 2 1
productivity-planner/summary-service/cmd/handler.go:70.2,70.16 1 1
productivity-planner/summary-service/cmd/handler.go:70.16,73.3 2 0
productivity-planner/summary-service/cmd/handler.go:75.2,75.40 1 1
productivity-planner/summary-service/cmd/main.go:18.14,20.2 0 1
productivity-planner/summary-service/cmd/main.go:22.13,48.12 8 0
productivity-planner/summary-service/cmd/main.go:48.12,50.80 2 0
productivity-planner/summary-service/cmd/main.go:50.80,52.4 1 0
productivity-planner/summary-service/cmd/main.go:55.2,63.45 6 0
productivity-planner/summary-service/cmd/main.go:63.45,65.3 1 0
productivity-planner/summary-service/cmd/main.go:66.2,66.31 1 0
productivity-planner/summary-service/cmd/routes.go:5.51,9.2 2 1
productivity-planner/summary-service/config/config.go:18.24,25.2 1 1
productivity-planner/summary-service/summary/mock_summary_service.go:12.111,14.28 1 0
productivity-planner/summary-service/summary/mock_summary_service.go:14.28,16.3 1 0
productivity-planner/summary-service/summary/mock_summary_service.go:18.2,18.26 1 0
productivity-planner/summary-service/summary/mock_summary_service.go:18.26,20.3 1 0
productivity-planner/summary-service/summary/mock_summary_service.go:22.2,29.8 1 0
productivity-planner/summary-service/summary/mock_summary_service.go:32.114,34.29 1 0
productivity-planner/summary-service/summary/mock_summary_service.go:34.29,36.3 1 0
productivity-planner/summary-service/summary/mock_summary_service.go:38.2,38.26 1 0
productivity-planner/summary-service/summary/mock_summary_service.go:38.26,40.3 1 0
productivity-planner/summary-service/summary/mock_summary_service.go:42.2,55.8 1 0
productivity-planner/summary-service/summary/summaryService.go:13.107,17.16 2 1
productivity-planner/summary-service/summary/summaryService.go:17.16,19.3 1 1
productivity-planner/summary-service/summary/summaryService.go:21.2,31.16 6 1
productivity-planner/summary-service/summary/summaryService.go:31.16,33.3 1 0
productivity-planner/summary-service/summary/summaryService.go:35.2,37.28 3 1
productivity-planner/summary-service/summary/summaryService.go:41.110,45.16 2 1
productivity-planner/summary-service/summary/summaryService.go:45.16,47.3 1 1
productivity-planner/summary-service/summary/summaryService.go:49.2,58.16 4 1
productivity-planner/summary-service/summary/summaryService.go:58.16,60.3 1 0
productivity-planner/summary-service/summary/summaryService.go:62.2,64.34 2 1
productivity-planner/summary-service/summary/utils.go:12.52,17.20 4 1
productivity-planner/summary-service/summary/utils.go:17.20,19.3 1 1
productivity-planner/summary-service/summary/utils.go:19.8,21.17 2 1
productivity-planner/summary-service/summary/utils.go:21.17,23.4 1 1
productivity-planner/summary-service/summary/utils.go:26.2,28.54 2 1
productivity-planner/summary-service/summary/utils.go:31.41,35.2 2 1
productivity-planner/summary-service/summary/utils.go:37.53,42.16 3 1
productivity-planner/summary-service/summary/utils.go:42.16,44.3 1 0
productivity-planner/summary-service/summary/utils.go:44.8,46.17 2 1
productivity-planner/summary-service/summary/utils.go:46.17,48.4 1 1
productivity-planner/summary-service/summary/utils.go:52.2,53.18 2 1
productivity-planner/summary-service/summary/utils.go:53.18,55.3 1 1
productivity-planner/summary-service/summary/utils.go:56.2,57.51 2 1
productivity-planner/summary-service/summary/utils.go:60.87,65.29 3 1
productivity-planner/summary-service/summary/utils.go:65.29,66.23 1 1
productivity-planner/summary-service/summary/utils.go:66.23,70.4 3 1
productivity-planner/summary-service/summary/utils.go:73.2,75.30 2 1
productivity-planner/summary-service/summary/utils.go:75.30,77.3 1 1
productivity-planner/summary-service/summary/utils.go:79.2,85.23 2 1
productivity-planner/summary-service/summary/utils.go:88.108,93.29 3 1
productivity-planner/summary-service/summary/utils.go:93.29,95.23 1 1
productivity-planner/summary-service/summary/utils.go:95.23,99.4 3 1
productivity-planner/summary-service/summary/utils.go:102.2,104.46 2 1
productivity-planner/summary-service/summary/utils.go:104.46,108.3 3 1
productivity-planner/summary-service/summary/utils.go:110.2,110.49 1 1
productivity-planner/summary-service/summary/utils.go:110.49,112.3 1 0
productivity-planner/summary-service/summary/utils.go:114.2,121.29 2 1
productivity-planner/summary-service/summary/utils.go:124.52,126.2 1 1
productivity-planner/summary-service/model/summary.go:24.34,29.33 1 0
productivity-planner/summary-service/model/summary.go:29.33,30.23 1 0
productivity-planner/summary-service/model/summary.go:30.23,32.4 1 0
productivity-planner/summary-service/model/summary.go:33.3,33.17 1 0
productivity-planner/summary-service/model/summary.go:38.34,42.2 1 0
productivity-planner/summary-service/model/summaryDao.go:15.98,26.24 5 1
productivity-planner/summary-service/model/summaryDao.go:26.24,28.3 1 1
productivity-planner/summary-service/model/summaryDao.go:30.2,30.16 1 1
productivity-planner/summary-service/model/summaryDao.go:30.16,32.3 1 0
productivity-planner/summary-service/model/summaryDao.go:34.2,34.22 1 1
productivity-planner/summary-service/model/summaryDao_testdb.go:14.90,25.2 1 0
productivity-planner/summary-service/model/summaryDao_testdb.go:27.38,29.2 1 0
